[debug] [2018-01-13T14:17:26.517Z] ----------------------------------------------------------------------
[debug] [2018-01-13T14:17:26.532Z] Command:       C:\Program Files\nodejs\node.exe C:\Program Files\nodejs\node_modules\firebase-tools\bin\firebase init
[debug] [2018-01-13T14:17:26.534Z] CLI Version:   3.16.0
[debug] [2018-01-13T14:17:26.535Z] Platform:      win32
[debug] [2018-01-13T14:17:26.535Z] Node Version:  v7.9.0
[debug] [2018-01-13T14:17:26.539Z] Time:          Sat Jan 13 2018 15:17:26 GMT+0100 (W. Central Africa Standard Time)
[debug] [2018-01-13T14:17:26.540Z] ----------------------------------------------------------------------
[debug] 
[debug] [2018-01-13T14:17:26.747Z] > command requires scopes: ["email","openid","https://www.googleapis.com/auth/cloudplatformprojects.readonly","https://www.googleapis.com/auth/firebase"]
[debug] [2018-01-13T14:17:26.749Z] > authorizing via signed-in user
[info] 
     ######## #### ########  ######## ########     ###     ######  ########
     ##        ##  ##     ## ##       ##     ##  ##   ##  ##       ##
     ######    ##  ########  ######   ########  #########  ######  ######
     ##        ##  ##    ##  ##       ##     ## ##     ##       ## ##
     ##       #### ##     ## ######## ########  ##     ##  ######  ########

You're about to initialize a Firebase project in this directory:

  C:\laragon\www\angular\ngApp

Before we get started, keep in mind:

  * You are currently outside your home directory

[info] 
=== Project Setup
[info] 
[info] First, let's associate this project directory with a Firebase project.
[info] You can create multiple project aliases by running firebase use --add, 
[info] but for now we'll just set up a default project.
[info] 
[debug] [2018-01-13T14:25:10.282Z] > refreshing access token with scopes: ["email","https://www.googleapis.com/auth/cloudplatformprojects.readonly","https://www.googleapis.com/auth/firebase","openid"]
[debug] [2018-01-13T14:25:10.284Z] >>> HTTP REQUEST POST https://www.googleapis.com/oauth2/v3/token  
 { refresh_token: '1/b_Gx3RjsfuGSLTKK4S7iPxLnsqRdHMx2mQhqakkUlkA',
  client_id: '563584335869-fgrhgmd47bqnekij5i8b5pr03ho849e6.apps.googleusercontent.com',
  client_secret: 'j9iVZfS8kkCEFUPaAeJV0sAi',
  grant_type: 'refresh_token',
  scope: 'email https://www.googleapis.com/auth/cloudplatformprojects.readonly https://www.googleapis.com/auth/firebase openid' } 
 Sat Jan 13 2018 15:25:10 GMT+0100 (W. Central Africa Standard Time)
[debug] [2018-01-13T14:25:26.415Z] <<< HTTP RESPONSE 200
[debug] [2018-01-13T14:25:26.462Z] >>> HTTP REQUEST GET https://admin.firebase.com/v1/projects  
  
 Sat Jan 13 2018 15:25:26 GMT+0100 (W. Central Africa Standard Time)
[debug] [2018-01-13T14:26:05.210Z] <<< HTTP RESPONSE 200
[info] 
=== Database Setup
[info] 
[info] Firebase Realtime Database Rules allow you to define how your data should be
[info] structured and when your data can be read from and written to.
[info] 
[info] +  Database Rules for undefined have been downloaded to database.rules.json.
[info] Future modifications to database.rules.json will update Database Rules when you run
[info] firebase deploy.
[info] 
=== Firestore Setup
[info] 
[info] Firestore Security Rules allow you to define how and when to allow
[info] requests. You can keep these rules in your project directory
[info] and publish them with firebase deploy.
[info] 
[info] 
[info] Firestore indexes allow you to perform complex queries while
[info] maintaining performance that scales with the size of the result
[info] set. You can keep index definitions in your project directory
[info] and publish them with firebase deploy.
[info] 
[info] 
=== Functions Setup
[info] 
[info] A functions directory will be created in your project with a Node.js
[info] package pre-configured. Functions can be deployed with firebase deploy.
[info] 
[info] +  Wrote functions/package.json
[info] +  Wrote functions/index.js
